1530872876681	geckodriver	INFO	geckodriver 0.21.0
1530872876736	geckodriver	INFO	Listening on 127.0.0.1:51117
1530872879667	mozrunner::runner	INFO	Running command: "C:\\Program Files\\Mozilla Firefox\\firefox.exe" "-marionette" "-headless" "-foreground" "-no-remote" "-profile" "C:\\Users\\Acer\\AppData\\Local\\Temp\\rust_mozprofile.LohC48UFR8og"
*** You are running in headless mode.
1530872889333	Marionette	INFO	Listening on port 51126
[Child 4212, Chrome_ChildThread] WARNING: pipe error: 109: file z:/build/build/src/ipc/chromium/src/chrome/common/ipc_channel_win.cc, line 346
[Child 4212, Chrome_ChildThread] WARNING: pipe error: 109: file z:/build/build/src/ipc/chromium/src/chrome/common/ipc_channel_win.cc, line 346
1530872889693	Marionette	WARN	TLS certificate errors will be ignored for this session
JavaScript error: https://pl.akinator.com/js/workflow_game_desktop.js?v94, line 2: TypeError: arrUrlThemesToPlay is null

###!!! [Parent][MessageChannel] Error: (msgtype=0x16008C,name=PBrowser::Msg_UpdateNativeWindowHandle) Channel error: cannot send/recv


###!!! [Parent][MessageChannel] Error: (msgtype=0x16007F,name=PBrowser::Msg_Destroy) Channel error: cannot send/recv


###!!! [Parent][MessageChannel] Error: (msgtype=0x2D0107,name=PContent::Msg_AsyncMessage) Channel error: cannot send/recv


###!!! [Parent][MessageChannel] Error: (msgtype=0x16008C,name=PBrowser::Msg_UpdateNativeWindowHandle) Channel error: cannot send/recv


###!!! [Parent][MessageChannel] Error: (msgtype=0x16007F,name=PBrowser::Msg_Destroy) Channel error: cannot send/recv

A content process crashe
###!!! [Parent][MessageChannel] Error: (msgtype=0x16008C,name=PBrowser::Msg_UpdateNativeWindowHandle) Channel error: cannot send/recv


###!!! [Parent][MessageChannel] Error: (msgtype=0x16007F,name=PBrowser::Msg_Destroy) Channel error: cannot send/recv

romium/src/chrome/common/ipc_channel_win.cc, line 346
[Parent 8012, Gecko_IOThread] WARNING: file z:/build/build/src/ipc/chromium/src/base/process_util_win.cc, line 188
[Parent 8012, Gecko_IOThread] WARNING: pipe error: 109: file z:/build/build/src/ipc/chromium/src/chrome/common/ipc_channel_win.cc, line 346
[Child 6604, Chrome_ChildThread] WARNING: pipe error: 109: file z:/build/build/src/ipc/chromium/src/chrome/common/ipc_channel_win.cc, line 346
[Child 6604, Chrome_ChildThread] WARNING: pipe error: 109: file z:/build/build/src/ipc/chromium/src/chrome/common/ipc_channel_win.cc, line 346
1530874004033	geckodriver	INFO	geckodriver 0.21.0
1530874004046	geckodriver	INFO	Listening on 127.0.0.1:51593
1530874007015	mozrunner::runner	INFO	Running command: "C:\\Program Files\\Mozilla Firefox\\firefox.exe" "-marionette" "-headless" "-foreground" "-no-remote" "-profile" "C:\\Users\\Acer\\AppData\\Local\\Temp\\rust_mozprofile.DT9cZPx4uVQP"
*** You are running in headless mode.
1530874009562	Marionette	INFO	Listening on port 51601
1530874010046	Marionette	WARN	TLS certificate errors will be ignored for this session
JavaScript error: https://pl.akinator.com/js/workflow_game_desktop.js?v94, line 2: TypeError: arrUrlThemesToPlay is null
A content process crashed and MOZ_CRASHREPORTER_SHUTDOWN is set, shutting down
[Parent 5612, Gecko_IOThread] WARNING: pipe error: 109: file z:/build/build/src/ipc/chromium/src/chrome/common/ipc_channel_win.cc, line 346
[Child 6928, Chrome_ChildThread] WARNING: pipe error: 109: file z:/build/build/src/ipc/chromium/src/chrome/common/ipc_channel_win.cc, line 346
[Parent 5612, Gecko_IOThread] WARNING: file z:/build/build/src/ipc/chromium/src/base/process_util_win.cc, line 188
[Parent 5612, Gecko_IOThread] WARNING: pipe error: 109: file z:/build/build/src/ipc/chromium/src/chrome/common/ipc_channel_win.cc, line 346
[Child 7288, Chrome_ChildThread] WARNING: pipe error: 109: file z:/build/build/src/ipc/chromium/src/chrome/common/ipc_channel_win.cc, line 346
[Child 7288, Chrome_ChildThread] WARNING: pipe error: 109: file z:/build/build/src/ipc/chromium/src/chrome/common/ipc_channel_win.cc, line 346
 z:/build/build/src/ipc/chromium/src/chrome/common/ipc_channel_win.cc, line 346
ROb9as"
*** You are running in headless mode.
1530874713255	Marionette	INFO	Listening on port 51905
1530874713520	Marionette	WARN	TLS certificate errors will be ignored for this session
1530874727150	geckodriver	INFO	geckodriver 0.21.0
1530874727179	geckodriver	INFO	Listening on 127.0.0.1:51974
1530874730193	mozrunner::runner	INFO	Running command: "C:\\Program Files\\Mozilla Firefox\\firefox.exe" "-marionette" "-headless" "-foreground" "-no-remote" "-profile" "C:\\Users\\Acer\\AppData\\Local\\Temp\\rust_mozprofile.HtoLMLR5QKqG"
*** You are running in headless mode.
1530874736537	Marionette	INFO	Listening on port 51982
1530874737101	Marionette	WARN	TLS certificate errors will be ignored for this session
JavaScript error: https://pl.akinator.com/js/workflow_game_desktop.js?v94, line 2: TypeError: arrUrlThemesToPlay is null
A content process crashed and MOZ_CRASHREPORTER_SHUTDOWN is set, shutting down
1530874917713	geckodriver	INFO	geckodriver 0.21.0
1530874917727	geckodriver	INFO	Listening on 127.0.0.1:52056
1530874920738	mozrunner::runner	INFO	Running command: "C:\\Program Files\\Mozilla Firefox\\firefox.exe" "-marionette" "-headless" "-foreground" "-no-remote" "-profile" "C:\\Users\\Acer\\AppData\\Local\\Temp\\rust_mozprofile.wjpW7CTFMdh9"
*** You are running in headless mode.
1530874924940	Marionette	INFO	Listening on port 52064
1530874925214	Marionette	WARN	TLS certificate errors will be ignored for this session
JavaScript error: https://pl.akinator.com/js/workflow_game_desktop.js?v94, line 2: TypeError: arrUrlThemesToPlay is null
A content process crashed and MOZ_CRASHREPORTER_SHUTDOWN is set, shutting down
[Child 7964, Chrome_ChildThread] WARNING: pipe error: 109: file z:/build/build/src/ipc/chromium/src/chrome/common/ipc_channel_win.cc, line 346
[Child 7964, Chrome_ChildThread] WARNING: pipe error: 109: file z:/build/build/src/ipc/chromium/src/chrome/common/ipc_channel_win.cc, line 346
[Parent 8288, Gecko_IOThread] WARNING: file z:/build/build/src/ipc/chromium/src/base/process_util_win.cc, line 188
[Parent 8288, Gecko_IOThread] WARNING: file z:/build/build/src/ipc/chromium/src/base/process_util_win.cc, line 188

###!!! [Child][RunMessage] Error: Channel closing: too late to send/recv, messages will be lost

[Child 8360, Chrome_ChildThread] WARNING: pipe error: 109: file z:/build/build/src/ipc/chromium/src/chrome/common/ipc_channel_win.cc, line 346

###!!! [Child][RunMessage] Error: Channel closing: too late to send/recv, messages will be lost


###!!! [Child][RunMessage] Error: Channel closing: too late to send/recv, messages will be lost

r: (msgtype=0x550027,name=PNecko::Msg_RemoveRequestContext) Channel closing: too late to send/recv, messages will be lost

